# JRE version: OpenJDK Runtime Environment (8.0_152-b01) (build 1.8.0_152-release-1343-b01)
# Java VM: OpenJDK 64-Bit Server VM (25.152-b01 mixed mode windows-amd64 compressed oops)
Heap:
 PSYoungGen      total 120320K, used 40553K [0x00000000e0000000, 0x00000000e8600000, 0x0000000100000000)
  eden space 109568K, 37% used [0x00000000e0000000,0x00000000e279a6b0,0x00000000e6b00000)
  from space 10752K, 0% used [0x00000000e6b00000,0x00000000e6b00000,0x00000000e7580000)
  to   space 10240K, 0% used [0x00000000e7580000,0x00000000e7580000,0x00000000e7f80000)
 ParOldGen       total 56320K, used 16798K [0x00000000a0000000, 0x00000000a3700000, 0x00000000e0000000)
  object space 56320K, 29% used [0x00000000a0000000,0x00000000a1067b58,0x00000000a3700000)
 Metaspace       used 40894K, capacity 41722K, committed 41984K, reserved 1085440K
  class space    used 5565K, capacity 5825K, committed 5888K, reserved 1048576K
GC Heap History (10 events):
Event: 5.883 GC heap before
{Heap before GC invocations=7 (full 1):
 PSYoungGen      total 75264K, used 6749K [0x00000000e0000000, 0x00000000e5400000, 0x0000000100000000)
  eden space 65536K, 0% used [0x00000000e0000000,0x00000000e0000000,0x00000000e4000000)
  from space 9728K, 69% used [0x00000000e4a80000,0x00000000e5117718,0x00000000e5400000)
  to   space 10240K, 0% used [0x00000000e4000000,0x00000000e4000000,0x00000000e4a00000)
 ParOldGen       total 86016K, used 8951K [0x00000000a0000000, 0x00000000a5400000, 0x00000000e0000000)
  object space 86016K, 10% used [0x00000000a0000000,0x00000000a08bde10,0x00000000a5400000)
 Metaspace       used 20618K, capacity 21130K, committed 21296K, reserved 1067008K
  class space    used 2899K, capacity 3091K, committed 3200K, reserved 1048576K
Event: 5.936 GC heap after
Heap after GC invocations=7 (full 1):
 PSYoungGen      total 75264K, used 0K [0x00000000e0000000, 0x00000000e5400000, 0x0000000100000000)
  eden space 65536K, 0% used [0x00000000e0000000,0x00000000e0000000,0x00000000e4000000)
  from space 9728K, 0% used [0x00000000e4a80000,0x00000000e4a80000,0x00000000e5400000)
  to   space 10240K, 0% used [0x00000000e4000000,0x00000000e4000000,0x00000000e4a00000)
 ParOldGen       total 56320K, used 8110K [0x00000000a0000000, 0x00000000a3700000, 0x00000000e0000000)
  object space 56320K, 14% used [0x00000000a0000000,0x00000000a07eb9d8,0x00000000a3700000)
 Metaspace       used 20618K, capacity 21130K, committed 21296K, reserved 1067008K
  class space    used 2899K, capacity 3091K, committed 3200K, reserved 1048576K
}
Event: 7.440 GC heap before
{Heap before GC invocations=8 (full 1):
 PSYoungGen      total 75264K, used 65536K [0x00000000e0000000, 0x00000000e5400000, 0x0000000100000000)
  eden space 65536K, 100% used [0x00000000e0000000,0x00000000e4000000,0x00000000e4000000)
  from space 9728K, 0% used [0x00000000e4a80000,0x00000000e4a80000,0x00000000e5400000)
  to   space 10240K, 0% used [0x00000000e4000000,0x00000000e4000000,0x00000000e4a00000)
 ParOldGen       total 56320K, used 8110K [0x00000000a0000000, 0x00000000a3700000, 0x00000000e0000000)
  object space 56320K, 14% used [0x00000000a0000000,0x00000000a07eb9d8,0x00000000a3700000)
 Metaspace       used 28666K, capacity 29188K, committed 29440K, reserved 1075200K
  class space    used 3858K, capacity 4039K, committed 4096K, reserved 1048576K
Event: 7.464 GC heap after
Heap after GC invocations=8 (full 1):
 PSYoungGen      total 75776K, used 7854K [0x00000000e0000000, 0x00000000e7f80000, 0x0000000100000000)
  eden space 65536K, 0% used [0x00000000e0000000,0x00000000e0000000,0x00000000e4000000)
  from space 10240K, 76% used [0x00000000e4000000,0x00000000e47abbe8,0x00000000e4a00000)
  to   space 10240K, 0% used [0x00000000e7580000,0x00000000e7580000,0x00000000e7f80000)
 ParOldGen       total 56320K, used 8118K [0x00000000a0000000, 0x00000000a3700000, 0x00000000e0000000)
  object space 56320K, 14% used [0x00000000a0000000,0x00000000a07ed9d8,0x00000000a3700000)
 Metaspace       used 28666K, capacity 29188K, committed 29440K, reserved 1075200K
  class space    used 3858K, capacity 4039K, committed 4096K, reserved 1048576K
}
Event: 9.696 GC heap before
{Heap before GC invocations=9 (full 1):
 PSYoungGen      total 75776K, used 73390K [0x00000000e0000000, 0x00000000e7f80000, 0x0000000100000000)
  eden space 65536K, 100% used [0x00000000e0000000,0x00000000e4000000,0x00000000e4000000)
  from space 10240K, 76% used [0x00000000e4000000,0x00000000e47abbe8,0x00000000e4a00000)
  to   space 10240K, 0% used [0x00000000e7580000,0x00000000e7580000,0x00000000e7f80000)
 ParOldGen       total 56320K, used 8118K [0x00000000a0000000, 0x00000000a3700000, 0x00000000e0000000)
  object space 56320K, 14% used [0x00000000a0000000,0x00000000a07ed9d8,0x00000000a3700000)
 Metaspace       used 32118K, capacity 32672K, committed 32896K, reserved 1077248K
  class space    used 4417K, capacity 4622K, committed 4736K, reserved 1048576K
Event: 9.838 GC heap after
Heap after GC invocations=9 (full 1):
 PSYoungGen      total 119808K, used 8668K [0x00000000e0000000, 0x00000000e8600000, 0x0000000100000000)
  eden space 109568K, 0% used [0x00000000e0000000,0x00000000e0000000,0x00000000e6b00000)
  from space 10240K, 84% used [0x00000000e7580000,0x00000000e7df72b8,0x00000000e7f80000)
  to   space 10752K, 0% used [0x00000000e6b00000,0x00000000e6b00000,0x00000000e7580000)
 ParOldGen       total 56320K, used 8126K [0x00000000a0000000, 0x00000000a3700000, 0x00000000e0000000)
  object space 56320K, 14% used [0x00000000a0000000,0x00000000a07ef9d8,0x00000000a3700000)
 Metaspace       used 32118K, capacity 32672K, committed 32896K, reserved 1077248K
  class space    used 4417K, capacity 4622K, committed 4736K, reserved 1048576K
}
Event: 11.959 GC heap before
{Heap before GC invocations=10 (full 1):
 PSYoungGen      total 119808K, used 55865K [0x00000000e0000000, 0x00000000e8600000, 0x0000000100000000)
  eden space 109568K, 43% used [0x00000000e0000000,0x00000000e2e172d8,0x00000000e6b00000)
  from space 10240K, 84% used [0x00000000e7580000,0x00000000e7df72b8,0x00000000e7f80000)
  to   space 10752K, 0% used [0x00000000e6b00000,0x00000000e6b00000,0x00000000e7580000)
 ParOldGen       total 56320K, used 8126K [0x00000000a0000000, 0x00000000a3700000, 0x00000000e0000000)
  object space 56320K, 14% used [0x00000000a0000000,0x00000000a07ef9d8,0x00000000a3700000)
 Metaspace       used 34725K, capacity 35410K, committed 35456K, reserved 1079296K
  class space    used 4780K, capacity 4988K, committed 4992K, reserved 1048576K
Event: 11.975 GC heap after
Heap after GC invocations=10 (full 1):
 PSYoungGen      total 120320K, used 9716K [0x00000000e0000000, 0x00000000e8600000, 0x0000000100000000)
  eden space 109568K, 0% used [0x00000000e0000000,0x00000000e0000000,0x00000000e6b00000)
  from space 10752K, 90% used [0x00000000e6b00000,0x00000000e747d0d8,0x00000000e7580000)
  to   space 10240K, 0% used [0x00000000e7580000,0x00000000e7580000,0x00000000e7f80000)
 ParOldGen       total 56320K, used 8134K [0x00000000a0000000, 0x00000000a3700000, 0x00000000e0000000)
  object space 56320K, 14% used [0x00000000a0000000,0x00000000a07f19d8,0x00000000a3700000)
 Metaspace       used 34725K, capacity 35410K, committed 35456K, reserved 1079296K
  class space    used 4780K, capacity 4988K, committed 4992K, reserved 1048576K
}
Event: 11.975 GC heap before
{Heap before GC invocations=11 (full 2):
 PSYoungGen      total 120320K, used 9716K [0x00000000e0000000, 0x00000000e8600000, 0x0000000100000000)
  eden space 109568K, 0% used [0x00000000e0000000,0x00000000e0000000,0x00000000e6b00000)
  from space 10752K, 90% used [0x00000000e6b00000,0x00000000e747d0d8,0x00000000e7580000)
  to   space 10240K, 0% used [0x00000000e7580000,0x00000000e7580000,0x00000000e7f80000)
 ParOldGen       total 56320K, used 8134K [0x00000000a0000000, 0x00000000a3700000, 0x00000000e0000000)
  object space 56320K, 14% used [0x00000000a0000000,0x00000000a07f19d8,0x00000000a3700000)
 Metaspace       used 34725K, capacity 35410K, committed 35456K, reserved 1079296K
  class space    used 4780K, capacity 4988K, committed 4992K, reserved 1048576K
Event: 12.078 GC heap after
Heap after GC invocations=11 (full 2):
 PSYoungGen      total 120320K, used 0K [0x00000000e0000000, 0x00000000e8600000, 0x0000000100000000)
  eden space 109568K, 0% used [0x00000000e0000000,0x00000000e0000000,0x00000000e6b00000)
  from space 10752K, 0% used [0x00000000e6b00000,0x00000000e6b00000,0x00000000e7580000)
  to   space 10240K, 0% used [0x00000000e7580000,0x00000000e7580000,0x00000000e7f80000)
 ParOldGen       total 56320K, used 16798K [0x00000000a0000000, 0x00000000a3700000, 0x00000000e0000000)
  object space 56320K, 29% used [0x00000000a0000000,0x00000000a1067b58,0x00000000a3700000)
 Metaspace       used 34725K, capacity 35410K, committed 35456K, reserved 1079296K
  class space    used 4780K, capacity 4988K, committed 4992K, reserved 1048576K
}

